RCS file: /web/emacs/emacs/.htaccess,v
Working file: emacs/.htaccess
head: 1.13
branch:
locks: strict
access list:
symbolic names:
keyword substitution: kv
total revisions: 13;	selected revisions: 13
description:
----------------------------
revision 1.13
date: 2013-08-27 10:48:48 -0700;  author: gm;  state: Exp;  lines: +2 -0;  commitid: UaiamU9PT74Sp73x;
Add more redirects for old MS Windows FAQ location; remove .symlinks
----------------------------
revision 1.12
date: 2013-08-27 00:38:58 -0700;  author: gm;  state: Exp;  lines: +4 -0;  commitid: bGXg6ySwWmXD243x;
Move the MS Windows FAQ to the same location as the other manuals
----------------------------
revision 1.11
date: 2013-08-12 00:01:45 -0700;  author: gm;  state: Exp;  lines: +3 -0;  commitid: x6Azr7WjAJzMj81x;
Redirect refcard.pdf to refcards/pdf/refcard.pdf
----------------------------
revision 1.10
date: 2013-07-08 20:41:07 -0700;  author: gm;  state: Exp;  lines: +4 -0;  commitid: OhT5YKhntz1IiKWw;
Use htaccess redirects for pgg, emacs-xtra manuals.
Remove no-longer used "no-manual" files.
----------------------------
revision 1.9
date: 2013-07-06 11:40:00 -0700;  author: gm;  state: Exp;  lines: +2 -2;  commitid: 2UhIHX7NpYW2nrWw;
Rename faq pages to efaq, to match the name of the info file
----------------------------
revision 1.8
date: 2013-07-04 19:00:27 -0700;  author: gm;  state: Exp;  lines: +10 -0;  commitid: QUbp2TIHW8bQRdWw;
Use a standard directory layout for the lispintro
----------------------------
revision 1.7
date: 2013-06-23 18:07:22 -0700;  author: gm;  state: Exp;  lines: +15 -15;  commitid: SXhWDHM0u3MRVNUw;
Fix typo in previous htaccess change
----------------------------
revision 1.6
date: 2013-06-23 18:05:51 -0700;  author: gm;  state: Exp;  lines: +16 -0;  commitid: TB83qcPsaJWeVNUw;
Move NEWS files to a news/ subdirectory
----------------------------
revision 1.5
date: 2013-06-23 17:58:56 -0700;  author: gm;  state: Exp;  lines: +3 -0;  commitid: YkfPmYZo4VjYSNUw;
Remove top-level calc page, redirect to manual/ via htaccess
----------------------------
revision 1.4
date: 2013-06-23 17:53:16 -0700;  author: gm;  state: Exp;  lines: +3 -0;  commitid: bCA4ne2nqbu1RNUw;
Use .htaccess redirect for old elisp-manual location
----------------------------
revision 1.3
date: 2013-06-23 17:50:27 -0700;  author: gm;  state: Exp;  lines: +39 -0;  commitid: 2H2SwReOrpl3QNUw;
Replace some redirects and symlinks with .htaccess redirects
----------------------------
revision 1.2
date: 2013-06-23 17:25:13 -0700;  author: gm;  state: Exp;  lines: +1 -1;  commitid: bcIbrUERRPUoHNUw;
Try again with htaccess to redirect old faq url
----------------------------
revision 1.1
date: 2013-06-23 12:03:19 -0700;  author: gm;  state: Exp;  commitid: eAtw679CpCkYULUw;
emacs-faq.text redirect saga continues
Now try using .htaccess rather than .symlinks
=============================================================================

RCS file: /web/emacs/emacs/.symlinks,v
Working file: emacs/.symlinks
head: 1.14
branch:
locks: strict
access list:
symbolic names:
keyword substitution: kv
total revisions: 14;	selected revisions: 14
description:
----------------------------
revision 1.14
date: 2013-07-08 20:41:07 -0700;  author: gm;  state: Exp;  lines: +0 -4;  commitid: OhT5YKhntz1IiKWw;
Use htaccess redirects for pgg, emacs-xtra manuals.
Remove no-longer used "no-manual" files.
----------------------------
revision 1.13
date: 2013-07-06 11:40:01 -0700;  author: gm;  state: Exp;  lines: +1 -1;  commitid: 2UhIHX7NpYW2nrWw;
Rename faq pages to efaq, to match the name of the info file
----------------------------
revision 1.12
date: 2013-06-23 17:50:27 -0700;  author: gm;  state: Exp;  lines: +2 -33;  commitid: 2H2SwReOrpl3QNUw;
Replace some redirects and symlinks with .htaccess redirects
----------------------------
revision 1.11
date: 2013-06-23 12:03:19 -0700;  author: gm;  state: Exp;  lines: +0 -1;  commitid: eAtw679CpCkYULUw;
emacs-faq.text redirect saga continues
Now try using .htaccess rather than .symlinks
----------------------------
revision 1.10
date: 2013-06-23 11:28:26 -0700;  author: gm;  state: Exp;  lines: +1 -0;  commitid: f05e3oZOtb00JLUw;
Redirects do not work in .text files, so back to using a symlink
----------------------------
revision 1.9
date: 2013-06-22 19:38:50 -0700;  author: gm;  state: Exp;  lines: +0 -2;  commitid: dQImeLnzAfzetGUw;
Use redirects rather than symlinks for moved faq pages
Symlinks do not update to the destination url, hence relative links
do not work
----------------------------
revision 1.8
date: 2013-06-22 19:13:25 -0700;  author: gm;  state: Exp;  lines: +1 -1;  commitid: vbYxr9XZzYzvkGUw;
Fix symlink typo
----------------------------
revision 1.7
date: 2013-06-22 18:43:56 -0700;  author: gm;  state: Exp;  lines: +3 -1;  commitid: SyHgHQRoNuCoaGUw;
Add/improve some faq symlinks
----------------------------
revision 1.6
date: 2013-06-22 18:36:12 -0700;  author: gm;  state: Exp;  lines: +1 -1;  commitid: QeZ921JjzG6K7GUw;
Revert to no-manual link for pgg (which is obsolete)
----------------------------
revision 1.5
date: 2013-06-22 18:26:29 -0700;  author: gm;  state: Exp;  lines: +34 -34;  commitid: OXpuwL2UKGpp4GUw;
Improve some manual symlinks
(though I don't think these are used by anthing; probably they
should just be removed)
----------------------------
revision 1.4
date: 2010-01-20 21:26:16 -0800;  author: gm;  state: Exp;  lines: +1 -0;  commitid: 62HEUTHK4q5Oxbku;
Trying to fix link to efaq "Bugs and problems" in
http://www.gnu.org/software/emacs/manual/html_node/emacs/Bugs.html
----------------------------
revision 1.3
date: 2008-10-31 10:02:09 -0700;  author: karl;  state: Exp;  lines: +1 -0;  commitid: fFQckoYillJmLNot;
try to eradicate strange elisp symlink (?), #385084
----------------------------
revision 1.2
date: 2005-10-30 07:20:53 -0800;  author: rms;  state: Exp;  lines: +35 -0;
Add many links to no-manual.xhtml.
----------------------------
revision 1.1
date: 2001-02-27 16:16:55 -0800;  author: webcvs;  state: Exp;
Add .symlinks files
=============================================================================
RCS file: /web/emacs/emacs/elisp-manual/dvi/Attic/elisp.dvi.gz,v
Working file: emacs/elisp-manual/dvi/elisp.dvi.gz
head: 1.3
branch:
locks: strict
access list:
symbolic names:
keyword substitution: b
total revisions: 3;	selected revisions: 3
description:
----------------------------
revision 1.3
date: 2007-06-10 12:09:51 -0700;  author: cyd;  state: dead;  lines: +0 -0;  commitid: Uxgi2MM7jiBrPols;
Move elisp.dvi.gz from elisp-manual/dvi to manual/dvi.
----------------------------
revision 1.2
date: 2007-06-04 09:25:18 -0700;  author: cyd;  state: Exp;  lines: +5287 -3867;  commitid: 29WvCWaiKLZ17Cks;
Update to 22.1 version.
----------------------------
revision 1.1
date: 2003-11-03 13:09:09 -0800;  author: sinuhe;  state: Exp;
Add the lisp and elisp manuals.
=============================================================================

RCS file: /web/emacs/emacs/elisp-manual/html_chapter/Attic/elisp.html,v
Working file: emacs/elisp-manual/html_chapter/elisp.html
head: 1.2
branch:
locks: strict
access list:
symbolic names:
keyword substitution: kv
total revisions: 2;	selected revisions: 2
description:
----------------------------
revision 1.2
date: 2005-12-26 13:41:13 -0800;  author: karl;  state: dead;  lines: +0 -0;
regenerate with current makeinfo, to fix bogus doctypes
----------------------------
revision 1.1
date: 2003-11-03 13:09:10 -0800;  author: sinuhe;  state: Exp;
Add the lisp and elisp manuals.
=============================================================================

RCS file: /web/emacs/emacs/.symlinks,v
Working file: emacs/.symlinks
head: 1.14
branch:
locks: strict
access list:
symbolic names:
keyword substitution: kv
total revisions: 14;	selected revisions: 14
description:
----------------------------
revision 1.14
date: 2013-07-08 20:41:07 -0700;  author: gm;  state: Exp;  lines: +0 -4;  commitid: OhT5YKhntz1IiKWw;
Use htaccess redirects for pgg, emacs-xtra manuals.
Remove no-longer used "no-manual" files.
----------------------------
revision 1.13
date: 2013-07-06 11:40:01 -0700;  author: gm;  state: Exp;  lines: +1 -1;  commitid: 2UhIHX7NpYW2nrWw;
Rename faq pages to efaq, to match the name of the info file
----------------------------
revision 1.12
date: 2013-06-23 17:50:27 -0700;  author: gm;  state: Exp;  lines: +2 -33;  commitid: 2H2SwReOrpl3QNUw;
Replace some redirects and symlinks with .htaccess redirects
----------------------------
revision 1.11
date: 2013-06-23 12:03:19 -0700;  author: gm;  state: Exp;  lines: +0 -1;  commitid: eAtw679CpCkYULUw;
emacs-faq.text redirect saga continues
Now try using .htaccess rather than .symlinks
----------------------------
revision 1.10
date: 2013-06-23 11:28:26 -0700;  author: gm;  state: Exp;  lines: +1 -0;  commitid: f05e3oZOtb00JLUw;
Redirects do not work in .text files, so back to using a symlink
----------------------------
revision 1.9
date: 2013-06-22 19:38:50 -0700;  author: gm;  state: Exp;  lines: +0 -2;  commitid: dQImeLnzAfzetGUw;
Use redirects rather than symlinks for moved faq pages
Symlinks do not update to the destination url, hence relative links
do not work
----------------------------
revision 1.8
date: 2013-06-22 19:13:25 -0700;  author: gm;  state: Exp;  lines: +1 -1;  commitid: vbYxr9XZzYzvkGUw;
Fix symlink typo
----------------------------
revision 1.7
date: 2013-06-22 18:43:56 -0700;  author: gm;  state: Exp;  lines: +3 -1;  commitid: SyHgHQRoNuCoaGUw;
Add/improve some faq symlinks
----------------------------
revision 1.6
date: 2013-06-22 18:36:12 -0700;  author: gm;  state: Exp;  lines: +1 -1;  commitid: QeZ921JjzG6K7GUw;
Revert to no-manual link for pgg (which is obsolete)
----------------------------
revision 1.5
date: 2013-06-22 18:26:29 -0700;  author: gm;  state: Exp;  lines: +34 -34;  commitid: OXpuwL2UKGpp4GUw;
Improve some manual symlinks
(though I don't think these are used by anthing; probably they
should just be removed)
----------------------------
revision 1.4
date: 2010-01-20 21:26:16 -0800;  author: gm;  state: Exp;  lines: +1 -0;  commitid: 62HEUTHK4q5Oxbku;
Trying to fix link to efaq "Bugs and problems" in
http://www.gnu.org/software/emacs/manual/html_node/emacs/Bugs.html
----------------------------
revision 1.3
date: 2008-10-31 10:02:09 -0700;  author: karl;  state: Exp;  lines: +1 -0;  commitid: fFQckoYillJmLNot;
try to eradicate strange elisp symlink (?), #385084
----------------------------
revision 1.2
date: 2005-10-30 07:20:53 -0800;  author: rms;  state: Exp;  lines: +35 -0;
Add many links to no-manual.xhtml.
----------------------------
revision 1.1
date: 2001-02-27 16:16:55 -0800;  author: webcvs;  state: Exp;
Add .symlinks files
=============================================================================
